Summary created by Wireshark 2.4.4 (v2.4.4)

File:
   Name: /var/tmp/wireshark_eno1_20180305092026_SG9aIl.pcapng
   Length: 525152743 bytes
   Format: Wireshark/... - pcapng
   Encapsulation: Ethernet


Time:
   First packet: 2018-03-05 09:20:27
   Last packet: 2018-03-05 09:21:59
   Elapsed: 00:01:32


Capture:
   Capture HW: Intel(R) Core(TM) i5-4590 CPU @ 3.30GHz (with SSE4.2)
   OS: Linux 4.15.3-300.fc27.x86_64
   Capture application: Dumpcap (Wireshark) 2.4.4 (v2.4.4)

   eno1:
      Dropped packets: unknown
      Capture filter: none
      Link type: Ethernet
      Packet size limit 262144 bytes

Statistics:
   Packets: 297262
   Between first and last packet:92.014 sec
   Avg. packets/sec: 3230.620
   Avg packet size: 1732.677 bytes
   Bytes: 515059169
   Avg bytes/sec: 5597623.208
   Avg Mbit/sec: 44.781
